Determining if the Q_WS_WIN exist failed with the following output:
Change Dir: /home/vince/Documents/Github/baxter_ws/src/bax_two/selection_topic_plugin/build/CMakeFiles/CMakeTmp

Run Build Command:"/usr/bin/make" "cmTryCompileExec1866909540/fast"
/usr/bin/make -f CMakeFiles/cmTryCompileExec1866909540.dir/build.make CMakeFiles/cmTryCompileExec1866909540.dir/build
make[1]: Entering directory `/home/vince/Documents/Github/baxter_ws/src/bax_two/selection_topic_plugin/build/CMakeFiles/CMakeTmp'
/usr/bin/cmake -E cmake_progress_report /home/vince/Documents/Github/baxter_ws/src/bax_two/selection_topic_plugin/build/CMakeFiles/CMakeTmp/CMakeFiles 1
Building CXX object CMakeFiles/cmTryCompileExec1866909540.dir/CheckSymbolExists.cxx.o
/usr/bin/c++    -I/usr/include/qt4    -o CMakeFiles/cmTryCompileExec1866909540.dir/CheckSymbolExists.cxx.o -c /home/vince/Documents/Github/baxter_ws/src/bax_two/selection_topic_plugin/build/CMakeFiles/CMakeTmp/CheckSymbolExists.cxx
/home/vince/Documents/Github/baxter_ws/src/bax_two/selection_topic_plugin/build/CMakeFiles/CMakeTmp/CheckSymbolExists.cxx: In function ‘int main(int, char**)’:
/home/vince/Documents/Github/baxter_ws/src/bax_two/selection_topic_plugin/build/CMakeFiles/CMakeTmp/CheckSymbolExists.cxx:8:19: error: ‘Q_WS_WIN’ was not declared in this scope
   return ((int*)(&Q_WS_WIN))[argc];
                   ^
make[1]: Leaving directory `/home/vince/Documents/Github/baxter_ws/src/bax_two/selection_topic_plugin/build/CMakeFiles/CMakeTmp'
make[1]: *** [CMakeFiles/cmTryCompileExec1866909540.dir/CheckSymbolExists.cxx.o] Error 1
make: *** [cmTryCompileExec1866909540/fast] Error 2

File /home/vince/Documents/Github/baxter_ws/src/bax_two/selection_topic_plugin/build/CMakeFiles/CMakeTmp/CheckSymbolExists.cxx:
/* */
#include <QtCore/qglobal.h>

int main(int argc, char** argv)
{
  (void)argv;
#ifndef Q_WS_WIN
  return ((int*)(&Q_WS_WIN))[argc];
#else
  (void)argc;
  return 0;
#endif
}

Determining if the Q_WS_QWS exist failed with the following output:
Change Dir: /home/vince/Documents/Github/baxter_ws/src/bax_two/selection_topic_plugin/build/CMakeFiles/CMakeTmp

Run Build Command:"/usr/bin/make" "cmTryCompileExec1303073935/fast"
/usr/bin/make -f CMakeFiles/cmTryCompileExec1303073935.dir/build.make CMakeFiles/cmTryCompileExec1303073935.dir/build
make[1]: Entering directory `/home/vince/Documents/Github/baxter_ws/src/bax_two/selection_topic_plugin/build/CMakeFiles/CMakeTmp'
/usr/bin/cmake -E cmake_progress_report /home/vince/Documents/Github/baxter_ws/src/bax_two/selection_topic_plugin/build/CMakeFiles/CMakeTmp/CMakeFiles 1
Building CXX object CMakeFiles/cmTryCompileExec1303073935.dir/CheckSymbolExists.cxx.o
/usr/bin/c++    -I/usr/include/qt4    -o CMakeFiles/cmTryCompileExec1303073935.dir/CheckSymbolExists.cxx.o -c /home/vince/Documents/Github/baxter_ws/src/bax_two/selection_topic_plugin/build/CMakeFiles/CMakeTmp/CheckSymbolExists.cxx
/home/vince/Documents/Github/baxter_ws/src/bax_two/selection_topic_plugin/build/CMakeFiles/CMakeTmp/CheckSymbolExists.cxx: In function ‘int main(int, char**)’:
/home/vince/Documents/Github/baxter_ws/src/bax_two/selection_topic_plugin/build/CMakeFiles/CMakeTmp/CheckSymbolExists.cxx:8:19: error: ‘Q_WS_QWS’ was not declared in this scope
   return ((int*)(&Q_WS_QWS))[argc];
                   ^
make[1]: Leaving directory `/home/vince/Documents/Github/baxter_ws/src/bax_two/selection_topic_plugin/build/CMakeFiles/CMakeTmp'
make[1]: *** [CMakeFiles/cmTryCompileExec1303073935.dir/CheckSymbolExists.cxx.o] Error 1
make: *** [cmTryCompileExec1303073935/fast] Error 2

File /home/vince/Documents/Github/baxter_ws/src/bax_two/selection_topic_plugin/build/CMakeFiles/CMakeTmp/CheckSymbolExists.cxx:
/* */
#include <QtCore/qglobal.h>

int main(int argc, char** argv)
{
  (void)argv;
#ifndef Q_WS_QWS
  return ((int*)(&Q_WS_QWS))[argc];
#else
  (void)argc;
  return 0;
#endif
}

Determining if the Q_WS_MAC exist failed with the following output:
Change Dir: /home/vince/Documents/Github/baxter_ws/src/bax_two/selection_topic_plugin/build/CMakeFiles/CMakeTmp

Run Build Command:"/usr/bin/make" "cmTryCompileExec520677212/fast"
/usr/bin/make -f CMakeFiles/cmTryCompileExec520677212.dir/build.make CMakeFiles/cmTryCompileExec520677212.dir/build
make[1]: Entering directory `/home/vince/Documents/Github/baxter_ws/src/bax_two/selection_topic_plugin/build/CMakeFiles/CMakeTmp'
/usr/bin/cmake -E cmake_progress_report /home/vince/Documents/Github/baxter_ws/src/bax_two/selection_topic_plugin/build/CMakeFiles/CMakeTmp/CMakeFiles 1
Building CXX object CMakeFiles/cmTryCompileExec520677212.dir/CheckSymbolExists.cxx.o
/usr/bin/c++    -I/usr/include/qt4    -o CMakeFiles/cmTryCompileExec520677212.dir/CheckSymbolExists.cxx.o -c /home/vince/Documents/Github/baxter_ws/src/bax_two/selection_topic_plugin/build/CMakeFiles/CMakeTmp/CheckSymbolExists.cxx
/home/vince/Documents/Github/baxter_ws/src/bax_two/selection_topic_plugin/build/CMakeFiles/CMakeTmp/CheckSymbolExists.cxx: In function ‘int main(int, char**)’:
/home/vince/Documents/Github/baxter_ws/src/bax_two/selection_topic_plugin/build/CMakeFiles/CMakeTmp/CheckSymbolExists.cxx:8:19: error: ‘Q_WS_MAC’ was not declared in this scope
   return ((int*)(&Q_WS_MAC))[argc];
                   ^
make[1]: *** [CMakeFiles/cmTryCompileExec520677212.dir/CheckSymbolExists.cxx.o] Error 1
make[1]: Leaving directory `/home/vince/Documents/Github/baxter_ws/src/bax_two/selection_topic_plugin/build/CMakeFiles/CMakeTmp'
make: *** [cmTryCompileExec520677212/fast] Error 2

File /home/vince/Documents/Github/baxter_ws/src/bax_two/selection_topic_plugin/build/CMakeFiles/CMakeTmp/CheckSymbolExists.cxx:
/* */
#include <QtCore/qglobal.h>

int main(int argc, char** argv)
{
  (void)argv;
#ifndef Q_WS_MAC
  return ((int*)(&Q_WS_MAC))[argc];
#else
  (void)argc;
  return 0;
#endif
}

Determining if the pthread_create exist failed with the following output:
Change Dir: /home/vince/Documents/Github/baxter_ws/src/bax_two/selection_topic_plugin/build/CMakeFiles/CMakeTmp

Run Build Command:"/usr/bin/make" "cmTryCompileExec121110735/fast"
/usr/bin/make -f CMakeFiles/cmTryCompileExec121110735.dir/build.make CMakeFiles/cmTryCompileExec121110735.dir/build
make[1]: Entering directory `/home/vince/Documents/Github/baxter_ws/src/bax_two/selection_topic_plugin/build/CMakeFiles/CMakeTmp'
/usr/bin/cmake -E cmake_progress_report /home/vince/Documents/Github/baxter_ws/src/bax_two/selection_topic_plugin/build/CMakeFiles/CMakeTmp/CMakeFiles 1
Building C object CMakeFiles/cmTryCompileExec121110735.dir/CheckSymbolExists.c.o
/usr/bin/cc    -o CMakeFiles/cmTryCompileExec121110735.dir/CheckSymbolExists.c.o   -c /home/vince/Documents/Github/baxter_ws/src/bax_two/selection_topic_plugin/build/CMakeFiles/CMakeTmp/CheckSymbolExists.c
Linking C executable cmTryCompileExec121110735
/usr/bin/cmake -E cmake_link_script CMakeFiles/cmTryCompileExec121110735.dir/link.txt --verbose=1
/usr/bin/cc       CMakeFiles/cmTryCompileExec121110735.dir/CheckSymbolExists.c.o  -o cmTryCompileExec121110735 -rdynamic 
CMakeFiles/cmTryCompileExec121110735.dir/CheckSymbolExists.c.o: In function `main':
CheckSymbolExists.c:(.text+0x16): undefined reference to `pthread_create'
collect2: error: ld returned 1 exit status
make[1]: Leaving directory `/home/vince/Documents/Github/baxter_ws/src/bax_two/selection_topic_plugin/build/CMakeFiles/CMakeTmp'
make[1]: *** [cmTryCompileExec121110735] Error 1
make: *** [cmTryCompileExec121110735/fast] Error 2

File /home/vince/Documents/Github/baxter_ws/src/bax_two/selection_topic_plugin/build/CMakeFiles/CMakeTmp/CheckSymbolExists.c:
/* */
#include <pthread.h>

int main(int argc, char** argv)
{
  (void)argv;
#ifndef pthread_create
  return ((int*)(&pthread_create))[argc];
#else
  (void)argc;
  return 0;
#endif
}

Determining if the function pthread_create exists in the pthreads failed with the following output:
Change Dir: /home/vince/Documents/Github/baxter_ws/src/bax_two/selection_topic_plugin/build/CMakeFiles/CMakeTmp

Run Build Command:"/usr/bin/make" "cmTryCompileExec855234443/fast"
/usr/bin/make -f CMakeFiles/cmTryCompileExec855234443.dir/build.make CMakeFiles/cmTryCompileExec855234443.dir/build
make[1]: Entering directory `/home/vince/Documents/Github/baxter_ws/src/bax_two/selection_topic_plugin/build/CMakeFiles/CMakeTmp'
/usr/bin/cmake -E cmake_progress_report /home/vince/Documents/Github/baxter_ws/src/bax_two/selection_topic_plugin/build/CMakeFiles/CMakeTmp/CMakeFiles 1
Building C object CMakeFiles/cmTryCompileExec855234443.dir/CheckFunctionExists.c.o
/usr/bin/cc   -DCHECK_FUNCTION_EXISTS=pthread_create   -o CMakeFiles/cmTryCompileExec855234443.dir/CheckFunctionExists.c.o   -c /usr/share/cmake-3.2/Modules/CheckFunctionExists.c
Linking C executable cmTryCompileExec855234443
/usr/bin/cmake -E cmake_link_script CMakeFiles/cmTryCompileExec855234443.dir/link.txt --verbose=1
/usr/bin/cc   -DCHECK_FUNCTION_EXISTS=pthread_create    CMakeFiles/cmTryCompileExec855234443.dir/CheckFunctionExists.c.o  -o cmTryCompileExec855234443 -rdynamic -lpthreads 
/usr/bin/ld: cannot find -lpthreads
collect2: error: ld returned 1 exit status
make[1]: Leaving directory `/home/vince/Documents/Github/baxter_ws/src/bax_two/selection_topic_plugin/build/CMakeFiles/CMakeTmp'
make[1]: *** [cmTryCompileExec855234443] Error 1
make: *** [cmTryCompileExec855234443/fast] Error 2


